{
  "RSpec": {
    "coverage": {
      "C:/Users/b1504/RubymineProjects/FlowerShop/app/models/user.rb": {
        "lines": [
          1,
          null,
          1,
          1,
          1,
          null,
          1,
          null,
          null,
          null,
          1,
          null,
          null,
          1,
          null,
          1,
          17,
          null,
          null
        ]
      },
      "C:/Users/b1504/RubymineProjects/FlowerShop/app/models/application_record.rb": {
        "lines": [
          1,
          1,
          null
        ]
      },
      "C:/Users/b1504/RubymineProjects/FlowerShop/app/helpers/application_helper.rb": {
        "lines": [
          1,
          null
        ]
      },
      "C:/Users/b1504/RubymineProjects/FlowerShop/app/helpers/categories_helper.rb": {
        "lines": [
          1,
          null
        ]
      },
      "C:/Users/b1504/RubymineProjects/FlowerShop/app/helpers/orders_helper.rb": {
        "lines": [
          1,
          null
        ]
      },
      "C:/Users/b1504/RubymineProjects/FlowerShop/app/helpers/products_helper.rb": {
        "lines": [
          1,
          null
        ]
      },
      "C:/Users/b1504/RubymineProjects/FlowerShop/app/helpers/reviews_helper.rb": {
        "lines": [
          1,
          null
        ]
      },
      "C:/Users/b1504/RubymineProjects/FlowerShop/app/controllers/application_controller.rb": {
        "lines": [
          1,
          1,
          0,
          null,
          null
        ]
      },
      "C:/Users/b1504/RubymineProjects/FlowerShop/app/controllers/categories_controller.rb": {
        "lines": [
          1,
          1,
          null,
          1,
          7,
          null,
          null,
          1,
          0,
          null,
          null,
          1,
          0,
          0,
          0,
          null,
          0,
          null,
          null,
          null,
          1,
          null,
          1,
          0,
          0,
          null,
          0,
          null,
          null,
          null,
          1,
          1,
          0,
          null,
          null,
          1,
          0,
          0,
          0,
          null,
          null,
          0,
          null,
          null,
          null
        ]
      },
      "C:/Users/b1504/RubymineProjects/FlowerShop/app/models/category.rb": {
        "lines": [
          1,
          1,
          null,
          1,
          1,
          null
        ]
      },
      "C:/Users/b1504/RubymineProjects/FlowerShop/app/models/product.rb": {
        "lines": [
          1,
          1,
          1,
          null,
          1,
          1,
          null,
          1,
          1,
          null,
          null,
          1,
          0,
          0,
          null,
          0,
          null,
          0,
          0,
          null,
          null
        ]
      },
      "C:/Users/b1504/RubymineProjects/FlowerShop/app/controllers/products_controller.rb": {
        "lines": [
          1,
          1,
          null,
          1,
          null,
          1,
          0,
          0,
          0,
          0,
          null,
          0,
          null,
          null,
          null,
          1,
          0,
          null,
          null,
          1,
          0,
          null,
          null,
          1,
          0,
          0,
          0,
          0,
          0,
          null,
          0,
          null,
          null,
          null,
          1,
          null,
          1,
          0,
          0,
          null,
          0,
          null,
          null,
          null,
          1,
          0,
          0,
          null,
          null,
          null,
          1,
          null,
          1,
          0,
          null,
          null,
          1,
          3,
          null,
          null,
          1,
          0,
          0,
          0,
          null,
          null,
          0,
          null,
          null,
          null,
          1,
          0,
          null,
          null
        ]
      },
      "C:/Users/b1504/RubymineProjects/FlowerShop/app/models/delivery_type.rb": {
        "lines": [
          1,
          1,
          null
        ]
      },
      "C:/Users/b1504/RubymineProjects/FlowerShop/app/models/payment_type.rb": {
        "lines": [
          1,
          1,
          null
        ]
      },
      "C:/Users/b1504/RubymineProjects/FlowerShop/app/models/order.rb": {
        "lines": [
          1,
          1,
          1,
          null,
          1,
          1,
          null
        ]
      },
      "C:/Users/b1504/RubymineProjects/FlowerShop/app/models/orders_product.rb": {
        "lines": [
          1,
          1,
          1,
          null
        ]
      },
      "C:/Users/b1504/RubymineProjects/FlowerShop/app/channels/application_cable/channel.rb": {
        "lines": [
          0,
          0,
          0,
          0
        ],
        "branches": {
        }
      },
      "C:/Users/b1504/RubymineProjects/FlowerShop/app/channels/application_cable/connection.rb": {
        "lines": [
          0,
          0,
          0,
          0
        ],
        "branches": {
        }
      },
      "C:/Users/b1504/RubymineProjects/FlowerShop/app/controllers/orders_controller.rb": {
        "lines": [
          0,
          0,
          null,
          0,
          0,
          0,
          null,
          null,
          0,
          0,
          0,
          null,
          0,
          0,
          0,
          null,
          0,
          0,
          0,
          null,
          0,
          0,
          0,
          0,
          0,
          0,
          0,
          0,
          0,
          0,
          0,
          0,
          0,
          null,
          null,
          0,
          null,
          0,
          0,
          0,
          0,
          null,
          0,
          0,
          0,
          0,
          0,
          0,
          0,
          0,
          0,
          0
        ],
        "branches": {
        }
      },
      "C:/Users/b1504/RubymineProjects/FlowerShop/app/controllers/reviews_controller.rb": {
        "lines": [
          0,
          0,
          0,
          0,
          null,
          null,
          0,
          null,
          0,
          null,
          0,
          0,
          0,
          0,
          null,
          0,
          0,
          0,
          0,
          0,
          0,
          0,
          null,
          0,
          0,
          0,
          0,
          null,
          0,
          0,
          null,
          0,
          null,
          0,
          0,
          0,
          null,
          0,
          0,
          0,
          null,
          0,
          0,
          0,
          0,
          0,
          0,
          0,
          0,
          0,
          null,
          0
        ],
        "branches": {
        }
      },
      "C:/Users/b1504/RubymineProjects/FlowerShop/app/jobs/application_job.rb": {
        "lines": [
          0,
          null,
          null,
          null,
          null,
          null,
          0
        ],
        "branches": {
        }
      },
      "C:/Users/b1504/RubymineProjects/FlowerShop/app/mailers/application_mailer.rb": {
        "lines": [
          0,
          0,
          0,
          0
        ],
        "branches": {
        }
      },
      "C:/Users/b1504/RubymineProjects/FlowerShop/app/models/review.rb": {
        "lines": [
          0,
          0,
          0,
          0
        ],
        "branches": {
        }
      }
    },
    "timestamp": 1639924336
  }
}
